CPU Reset (CPU 0)
EAX=00000000 EBX=00000000 ECX=00000000 EDX=00000000
ESI=00000000 EDI=00000000 EBP=00000000 ESP=00000000
EIP=00000000 EFL=00000000 [-------] CPL=0 II=0 A20=0 SMM=0 HLT=0
ES =0000 00000000 00000000 00000000
CS =0000 00000000 00000000 00000000
SS =0000 00000000 00000000 00000000
DS =0000 00000000 00000000 00000000
FS =0000 00000000 00000000 00000000
GS =0000 00000000 00000000 00000000
LDT=0000 00000000 00000000 00000000
TR =0000 00000000 00000000 00000000
GDT=     00000000 00000000
IDT=     00000000 00000000
CR0=00000000 CR2=00000000 CR3=00000000 CR4=00000000
DR0=00000000 DR1=00000000 DR2=00000000 DR3=00000000 
DR6=00000000 DR7=00000000
CCS=00000000 CCD=00000000 CCO=DYNAMIC 
EFER=0000000000000000
FCW=0000 FSW=0000 [ST=0] FTW=ff MXCSR=00000000
FPR0=0000000000000000 0000 FPR1=0000000000000000 0000
FPR2=0000000000000000 0000 FPR3=0000000000000000 0000
FPR4=0000000000000000 0000 FPR5=0000000000000000 0000
FPR6=0000000000000000 0000 FPR7=0000000000000000 0000
XMM00=00000000000000000000000000000000 XMM01=00000000000000000000000000000000
XMM02=00000000000000000000000000000000 XMM03=00000000000000000000000000000000
XMM04=00000000000000000000000000000000 XMM05=00000000000000000000000000000000
XMM06=00000000000000000000000000000000 XMM07=00000000000000000000000000000000
CPU Reset (CPU 1)
EAX=00000000 EBX=00000000 ECX=00000000 EDX=00000000
ESI=00000000 EDI=00000000 EBP=00000000 ESP=00000000
EIP=00000000 EFL=00000000 [-------] CPL=0 II=0 A20=0 SMM=0 HLT=0
ES =0000 00000000 00000000 00000000
CS =0000 00000000 00000000 00000000
SS =0000 00000000 00000000 00000000
DS =0000 00000000 00000000 00000000
FS =0000 00000000 00000000 00000000
GS =0000 00000000 00000000 00000000
LDT=0000 00000000 00000000 00000000
TR =0000 00000000 00000000 00000000
GDT=     00000000 00000000
IDT=     00000000 00000000
CR0=00000000 CR2=00000000 CR3=00000000 CR4=00000000
DR0=00000000 DR1=00000000 DR2=00000000 DR3=00000000 
DR6=00000000 DR7=00000000
CCS=00000000 CCD=00000000 CCO=DYNAMIC 
EFER=0000000000000000
FCW=0000 FSW=0000 [ST=0] FTW=ff MXCSR=00000000
FPR0=0000000000000000 0000 FPR1=0000000000000000 0000
FPR2=0000000000000000 0000 FPR3=0000000000000000 0000
FPR4=0000000000000000 0000 FPR5=0000000000000000 0000
FPR6=0000000000000000 0000 FPR7=0000000000000000 0000
XMM00=00000000000000000000000000000000 XMM01=00000000000000000000000000000000
XMM02=00000000000000000000000000000000 XMM03=00000000000000000000000000000000
XMM04=00000000000000000000000000000000 XMM05=00000000000000000000000000000000
XMM06=00000000000000000000000000000000 XMM07=00000000000000000000000000000000
CPU Reset (CPU 0)
EAX=00000000 EBX=00000000 ECX=00000000 EDX=00000663
ESI=00000000 EDI=00000000 EBP=00000000 ESP=00000000
EIP=0000fff0 EFL=00000002 [-------] CPL=0 II=0 A20=1 SMM=0 HLT=0
ES =0000 00000000 0000ffff 00009300
CS =f000 ffff0000 0000ffff 00009b00
SS =0000 00000000 0000ffff 00009300
DS =0000 00000000 0000ffff 00009300
FS =0000 00000000 0000ffff 00009300
GS =0000 00000000 0000ffff 00009300
LDT=0000 00000000 0000ffff 00008200
TR =0000 00000000 0000ffff 00008b00
GDT=     00000000 0000ffff
IDT=     00000000 0000ffff
CR0=60000010 CR2=00000000 CR3=00000000 CR4=00000000
DR0=00000000 DR1=00000000 DR2=00000000 DR3=00000000 
DR6=ffff0ff0 DR7=00000400
CCS=00000000 CCD=00000000 CCO=DYNAMIC 
EFER=0000000000000000
FCW=037f FSW=0000 [ST=0] FTW=00 MXCSR=00001f80
FPR0=0000000000000000 0000 FPR1=0000000000000000 0000
FPR2=0000000000000000 0000 FPR3=0000000000000000 0000
FPR4=0000000000000000 0000 FPR5=0000000000000000 0000
FPR6=0000000000000000 0000 FPR7=0000000000000000 0000
XMM00=00000000000000000000000000000000 XMM01=00000000000000000000000000000000
XMM02=00000000000000000000000000000000 XMM03=00000000000000000000000000000000
XMM04=00000000000000000000000000000000 XMM05=00000000000000000000000000000000
XMM06=00000000000000000000000000000000 XMM07=00000000000000000000000000000000
CPU Reset (CPU 1)
EAX=00000000 EBX=00000000 ECX=00000000 EDX=00000663
ESI=00000000 EDI=00000000 EBP=00000000 ESP=00000000
EIP=0000fff0 EFL=00000002 [-------] CPL=0 II=0 A20=1 SMM=0 HLT=1
ES =0000 00000000 0000ffff 00009300
CS =f000 ffff0000 0000ffff 00009b00
SS =0000 00000000 0000ffff 00009300
DS =0000 00000000 0000ffff 00009300
FS =0000 00000000 0000ffff 00009300
GS =0000 00000000 0000ffff 00009300
LDT=0000 00000000 0000ffff 00008200
TR =0000 00000000 0000ffff 00008b00
GDT=     00000000 0000ffff
IDT=     00000000 0000ffff
CR0=60000010 CR2=00000000 CR3=00000000 CR4=00000000
DR0=00000000 DR1=00000000 DR2=00000000 DR3=00000000 
DR6=ffff0ff0 DR7=00000400
CCS=00000000 CCD=00000000 CCO=DYNAMIC 
EFER=0000000000000000
FCW=037f FSW=0000 [ST=0] FTW=00 MXCSR=00001f80
FPR0=0000000000000000 0000 FPR1=0000000000000000 0000
FPR2=0000000000000000 0000 FPR3=0000000000000000 0000
FPR4=0000000000000000 0000 FPR5=0000000000000000 0000
FPR6=0000000000000000 0000 FPR7=0000000000000000 0000
XMM00=00000000000000000000000000000000 XMM01=00000000000000000000000000000000
XMM02=00000000000000000000000000000000 XMM03=00000000000000000000000000000000
XMM04=00000000000000000000000000000000 XMM05=00000000000000000000000000000000
XMM06=00000000000000000000000000000000 XMM07=00000000000000000000000000000000
CPU Reset (CPU 1)
EAX=00000000 EBX=00000000 ECX=00000000 EDX=00000663
ESI=00000000 EDI=00000000 EBP=00000000 ESP=00000000
EIP=0000fff0 EFL=00000002 [-------] CPL=0 II=0 A20=1 SMM=0 HLT=0
ES =0000 00000000 0000ffff 00009300
CS =f000 ffff0000 0000ffff 00009b00
SS =0000 00000000 0000ffff 00009300
DS =0000 00000000 0000ffff 00009300
FS =0000 00000000 0000ffff 00009300
GS =0000 00000000 0000ffff 00009300
LDT=0000 00000000 0000ffff 00008200
TR =0000 00000000 0000ffff 00008b00
GDT=     00000000 0000ffff
IDT=     00000000 0000ffff
CR0=60000010 CR2=00000000 CR3=00000000 CR4=00000000
DR0=00000000 DR1=00000000 DR2=00000000 DR3=00000000 
DR6=ffff0ff0 DR7=00000400
CCS=00000000 CCD=00000000 CCO=EFLAGS  
EFER=0000000000000000
FCW=037f FSW=0000 [ST=0] FTW=00 MXCSR=00001f80
FPR0=0000000000000000 0000 FPR1=0000000000000000 0000
FPR2=0000000000000000 0000 FPR3=0000000000000000 0000
FPR4=0000000000000000 0000 FPR5=0000000000000000 0000
FPR6=0000000000000000 0000 FPR7=0000000000000000 0000
XMM00=00000000000000000000000000000000 XMM01=00000000000000000000000000000000
XMM02=00000000000000000000000000000000 XMM03=00000000000000000000000000000000
XMM04=00000000000000000000000000000000 XMM05=00000000000000000000000000000000
XMM06=00000000000000000000000000000000 XMM07=00000000000000000000000000000000
     0: v=21 e=0000 i=0 cpl=0 IP=0008:c010a361 pc=c010a361 SP=0010:c0104fd0 env->regs[R_EAX]=fec00010
EAX=fec00010 EBX=00312c30 ECX=00000000 EDX=00000021
ESI=0010c7d4 EDI=00000000 EBP=00104fe8 ESP=c0104fd0
EIP=c010a361 EFL=00000282 [--S----] CPL=0 II=0 A20=1 SMM=0 HLT=0
ES =0010 00000000 ffffffff 00cf9300 DPL=0 DS   [-WA]
CS =0008 00000000 ffffffff 00cf9a00 DPL=0 CS32 [-R-]
SS =0010 00000000 ffffffff 00cf9300 DPL=0 DS   [-WA]
DS =0010 00000000 ffffffff 00cf9300 DPL=0 DS   [-WA]
FS =0010 00000000 ffffffff 00cf9300 DPL=0 DS   [-WA]
GS =0010 00000000 ffffffff 00cf9300 DPL=0 DS   [-WA]
LDT=0000 00000000 0000ffff 00008200 DPL=0 LDT
TR =0000 00000000 0000ffff 00008b00 DPL=0 TSS32-busy
GDT=     00108000 00000028
IDT=     0010c960 0000063f
CR0=80000011 CR2=00000000 CR3=00105000 CR4=00000000
DR0=00000000 DR1=00000000 DR2=00000000 DR3=00000000 
DR6=ffff0ff0 DR7=00000400
CCS=00000080 CCD=fec00010 CCO=EFLAGS  
EFER=0000000000000000
     1: v=21 e=0000 i=0 cpl=0 IP=0008:c010a361 pc=c010a361 SP=0010:c0104fd0 env->regs[R_EAX]=fec00010
EAX=fec00010 EBX=00312c30 ECX=00000000 EDX=00000021
ESI=0010c7d4 EDI=00000000 EBP=00104fe8 ESP=c0104fd0
EIP=c010a361 EFL=00000282 [--S----] CPL=0 II=0 A20=1 SMM=0 HLT=0
ES =0010 00000000 ffffffff 00cf9300 DPL=0 DS   [-WA]
CS =0008 00000000 ffffffff 00cf9a00 DPL=0 CS32 [-R-]
SS =0010 00000000 ffffffff 00cf9300 DPL=0 DS   [-WA]
DS =0010 00000000 ffffffff 00cf9300 DPL=0 DS   [-WA]
FS =0010 00000000 ffffffff 00cf9300 DPL=0 DS   [-WA]
GS =0010 00000000 ffffffff 00cf9300 DPL=0 DS   [-WA]
LDT=0000 00000000 0000ffff 00008200 DPL=0 LDT
TR =0000 00000000 0000ffff 00008b00 DPL=0 TSS32-busy
GDT=     00108000 00000028
IDT=     0010c960 0000063f
CR0=80000011 CR2=00000000 CR3=00105000 CR4=00000000
DR0=00000000 DR1=00000000 DR2=00000000 DR3=00000000 
DR6=ffff0ff0 DR7=00000400
CCS=00000080 CCD=fee00020 CCO=EFLAGS  
EFER=0000000000000000
     2: v=21 e=0000 i=0 cpl=0 IP=0008:c010a361 pc=c010a361 SP=0010:c0104fd0 env->regs[R_EAX]=fec00010
EAX=fec00010 EBX=00312c30 ECX=00000000 EDX=00000021
ESI=0010c7d4 EDI=00000000 EBP=00104fe8 ESP=c0104fd0
EIP=c010a361 EFL=00000282 [--S----] CPL=0 II=0 A20=1 SMM=0 HLT=0
ES =0010 00000000 ffffffff 00cf9300 DPL=0 DS   [-WA]
CS =0008 00000000 ffffffff 00cf9a00 DPL=0 CS32 [-R-]
SS =0010 00000000 ffffffff 00cf9300 DPL=0 DS   [-WA]
DS =0010 00000000 ffffffff 00cf9300 DPL=0 DS   [-WA]
FS =0010 00000000 ffffffff 00cf9300 DPL=0 DS   [-WA]
GS =0010 00000000 ffffffff 00cf9300 DPL=0 DS   [-WA]
LDT=0000 00000000 0000ffff 00008200 DPL=0 LDT
TR =0000 00000000 0000ffff 00008b00 DPL=0 TSS32-busy
GDT=     00108000 00000028
IDT=     0010c960 0000063f
CR0=80000011 CR2=00000000 CR3=00105000 CR4=00000000
DR0=00000000 DR1=00000000 DR2=00000000 DR3=00000000 
DR6=ffff0ff0 DR7=00000400
CCS=00000080 CCD=fee00020 CCO=EFLAGS  
EFER=0000000000000000
     3: v=21 e=0000 i=0 cpl=0 IP=0008:c010a361 pc=c010a361 SP=0010:c0104fd0 env->regs[R_EAX]=fec00010
EAX=fec00010 EBX=00312c30 ECX=00000000 EDX=00000021
ESI=0010c7d4 EDI=00000000 EBP=00104fe8 ESP=c0104fd0
EIP=c010a361 EFL=00000282 [--S----] CPL=0 II=0 A20=1 SMM=0 HLT=0
ES =0010 00000000 ffffffff 00cf9300 DPL=0 DS   [-WA]
CS =0008 00000000 ffffffff 00cf9a00 DPL=0 CS32 [-R-]
SS =0010 00000000 ffffffff 00cf9300 DPL=0 DS   [-WA]
DS =0010 00000000 ffffffff 00cf9300 DPL=0 DS   [-WA]
FS =0010 00000000 ffffffff 00cf9300 DPL=0 DS   [-WA]
GS =0010 00000000 ffffffff 00cf9300 DPL=0 DS   [-WA]
LDT=0000 00000000 0000ffff 00008200 DPL=0 LDT
TR =0000 00000000 0000ffff 00008b00 DPL=0 TSS32-busy
GDT=     00108000 00000028
IDT=     0010c960 0000063f
CR0=80000011 CR2=00000000 CR3=00105000 CR4=00000000
DR0=00000000 DR1=00000000 DR2=00000000 DR3=00000000 
DR6=ffff0ff0 DR7=00000400
CCS=00000080 CCD=fee00020 CCO=EFLAGS  
EFER=0000000000000000
     4: v=21 e=0000 i=0 cpl=0 IP=0008:c010a361 pc=c010a361 SP=0010:c0104fd0 env->regs[R_EAX]=fec00010
EAX=fec00010 EBX=00312c30 ECX=00000000 EDX=00000021
ESI=0010c7d4 EDI=00000000 EBP=00104fe8 ESP=c0104fd0
EIP=c010a361 EFL=00000282 [--S----] CPL=0 II=0 A20=1 SMM=0 HLT=0
ES =0010 00000000 ffffffff 00cf9300 DPL=0 DS   [-WA]
CS =0008 00000000 ffffffff 00cf9a00 DPL=0 CS32 [-R-]
SS =0010 00000000 ffffffff 00cf9300 DPL=0 DS   [-WA]
DS =0010 00000000 ffffffff 00cf9300 DPL=0 DS   [-WA]
FS =0010 00000000 ffffffff 00cf9300 DPL=0 DS   [-WA]
GS =0010 00000000 ffffffff 00cf9300 DPL=0 DS   [-WA]
LDT=0000 00000000 0000ffff 00008200 DPL=0 LDT
TR =0000 00000000 0000ffff 00008b00 DPL=0 TSS32-busy
GDT=     00108000 00000028
IDT=     0010c960 0000063f
CR0=80000011 CR2=00000000 CR3=00105000 CR4=00000000
DR0=00000000 DR1=00000000 DR2=00000000 DR3=00000000 
DR6=ffff0ff0 DR7=00000400
CCS=00000080 CCD=fee00020 CCO=EFLAGS  
EFER=0000000000000000
     5: v=21 e=0000 i=0 cpl=0 IP=0008:c010a361 pc=c010a361 SP=0010:c0104fd0 env->regs[R_EAX]=fec00010
EAX=fec00010 EBX=00312c30 ECX=00000000 EDX=00000021
ESI=0010c7d4 EDI=00000000 EBP=00104fe8 ESP=c0104fd0
EIP=c010a361 EFL=00000282 [--S----] CPL=0 II=0 A20=1 SMM=0 HLT=0
ES =0010 00000000 ffffffff 00cf9300 DPL=0 DS   [-WA]
CS =0008 00000000 ffffffff 00cf9a00 DPL=0 CS32 [-R-]
SS =0010 00000000 ffffffff 00cf9300 DPL=0 DS   [-WA]
DS =0010 00000000 ffffffff 00cf9300 DPL=0 DS   [-WA]
FS =0010 00000000 ffffffff 00cf9300 DPL=0 DS   [-WA]
GS =0010 00000000 ffffffff 00cf9300 DPL=0 DS   [-WA]
LDT=0000 00000000 0000ffff 00008200 DPL=0 LDT
TR =0000 00000000 0000ffff 00008b00 DPL=0 TSS32-busy
GDT=     00108000 00000028
IDT=     0010c960 0000063f
CR0=80000011 CR2=00000000 CR3=00105000 CR4=00000000
DR0=00000000 DR1=00000000 DR2=00000000 DR3=00000000 
DR6=ffff0ff0 DR7=00000400
CCS=00000080 CCD=fee00020 CCO=EFLAGS  
EFER=0000000000000000
     6: v=21 e=0000 i=0 cpl=0 IP=0008:c010a361 pc=c010a361 SP=0010:c0104fd0 env->regs[R_EAX]=fec00010
EAX=fec00010 EBX=00312c30 ECX=00000000 EDX=00000021
ESI=0010c7d4 EDI=00000000 EBP=00104fe8 ESP=c0104fd0
EIP=c010a361 EFL=00000282 [--S----] CPL=0 II=0 A20=1 SMM=0 HLT=0
ES =0010 00000000 ffffffff 00cf9300 DPL=0 DS   [-WA]
CS =0008 00000000 ffffffff 00cf9a00 DPL=0 CS32 [-R-]
SS =0010 00000000 ffffffff 00cf9300 DPL=0 DS   [-WA]
DS =0010 00000000 ffffffff 00cf9300 DPL=0 DS   [-WA]
FS =0010 00000000 ffffffff 00cf9300 DPL=0 DS   [-WA]
GS =0010 00000000 ffffffff 00cf9300 DPL=0 DS   [-WA]
LDT=0000 00000000 0000ffff 00008200 DPL=0 LDT
TR =0000 00000000 0000ffff 00008b00 DPL=0 TSS32-busy
GDT=     00108000 00000028
IDT=     0010c960 0000063f
CR0=80000011 CR2=00000000 CR3=00105000 CR4=00000000
DR0=00000000 DR1=00000000 DR2=00000000 DR3=00000000 
DR6=ffff0ff0 DR7=00000400
CCS=00000080 CCD=fee00020 CCO=EFLAGS  
EFER=0000000000000000
     7: v=21 e=0000 i=0 cpl=0 IP=0008:c010a361 pc=c010a361 SP=0010:c0104fd0 env->regs[R_EAX]=fec00010
EAX=fec00010 EBX=00312c30 ECX=00000000 EDX=00000021
ESI=0010c7d4 EDI=00000000 EBP=00104fe8 ESP=c0104fd0
EIP=c010a361 EFL=00000282 [--S----] CPL=0 II=0 A20=1 SMM=0 HLT=0
ES =0010 00000000 ffffffff 00cf9300 DPL=0 DS   [-WA]
CS =0008 00000000 ffffffff 00cf9a00 DPL=0 CS32 [-R-]
SS =0010 00000000 ffffffff 00cf9300 DPL=0 DS   [-WA]
DS =0010 00000000 ffffffff 00cf9300 DPL=0 DS   [-WA]
FS =0010 00000000 ffffffff 00cf9300 DPL=0 DS   [-WA]
GS =0010 00000000 ffffffff 00cf9300 DPL=0 DS   [-WA]
LDT=0000 00000000 0000ffff 00008200 DPL=0 LDT
TR =0000 00000000 0000ffff 00008b00 DPL=0 TSS32-busy
GDT=     00108000 00000028
IDT=     0010c960 0000063f
CR0=80000011 CR2=00000000 CR3=00105000 CR4=00000000
DR0=00000000 DR1=00000000 DR2=00000000 DR3=00000000 
DR6=ffff0ff0 DR7=00000400
CCS=00000080 CCD=fee00020 CCO=EFLAGS  
EFER=0000000000000000
     8: v=21 e=0000 i=0 cpl=0 IP=0008:c010a361 pc=c010a361 SP=0010:c0104fd0 env->regs[R_EAX]=fec00010
EAX=fec00010 EBX=00312c30 ECX=00000000 EDX=00000021
ESI=0010c7d4 EDI=00000000 EBP=00104fe8 ESP=c0104fd0
EIP=c010a361 EFL=00000282 [--S----] CPL=0 II=0 A20=1 SMM=0 HLT=0
ES =0010 00000000 ffffffff 00cf9300 DPL=0 DS   [-WA]
CS =0008 00000000 ffffffff 00cf9a00 DPL=0 CS32 [-R-]
SS =0010 00000000 ffffffff 00cf9300 DPL=0 DS   [-WA]
DS =0010 00000000 ffffffff 00cf9300 DPL=0 DS   [-WA]
FS =0010 00000000 ffffffff 00cf9300 DPL=0 DS   [-WA]
GS =0010 00000000 ffffffff 00cf9300 DPL=0 DS   [-WA]
LDT=0000 00000000 0000ffff 00008200 DPL=0 LDT
TR =0000 00000000 0000ffff 00008b00 DPL=0 TSS32-busy
GDT=     00108000 00000028
IDT=     0010c960 0000063f
CR0=80000011 CR2=00000000 CR3=00105000 CR4=00000000
DR0=00000000 DR1=00000000 DR2=00000000 DR3=00000000 
DR6=ffff0ff0 DR7=00000400
CCS=00000080 CCD=fee00020 CCO=EFLAGS  
EFER=0000000000000000
     9: v=21 e=0000 i=0 cpl=0 IP=0008:c010a361 pc=c010a361 SP=0010:c0104fd0 env->regs[R_EAX]=fec00010
EAX=fec00010 EBX=00312c30 ECX=00000000 EDX=00000021
ESI=0010c7d4 EDI=00000000 EBP=00104fe8 ESP=c0104fd0
EIP=c010a361 EFL=00000282 [--S----] CPL=0 II=0 A20=1 SMM=0 HLT=0
ES =0010 00000000 ffffffff 00cf9300 DPL=0 DS   [-WA]
CS =0008 00000000 ffffffff 00cf9a00 DPL=0 CS32 [-R-]
SS =0010 00000000 ffffffff 00cf9300 DPL=0 DS   [-WA]
DS =0010 00000000 ffffffff 00cf9300 DPL=0 DS   [-WA]
FS =0010 00000000 ffffffff 00cf9300 DPL=0 DS   [-WA]
GS =0010 00000000 ffffffff 00cf9300 DPL=0 DS   [-WA]
LDT=0000 00000000 0000ffff 00008200 DPL=0 LDT
TR =0000 00000000 0000ffff 00008b00 DPL=0 TSS32-busy
GDT=     00108000 00000028
IDT=     0010c960 0000063f
CR0=80000011 CR2=00000000 CR3=00105000 CR4=00000000
DR0=00000000 DR1=00000000 DR2=00000000 DR3=00000000 
DR6=ffff0ff0 DR7=00000400
CCS=00000080 CCD=fee00020 CCO=EFLAGS  
EFER=0000000000000000
    10: v=21 e=0000 i=0 cpl=0 IP=0008:c010a361 pc=c010a361 SP=0010:c0104fd0 env->regs[R_EAX]=fec00010
EAX=fec00010 EBX=00312c30 ECX=00000000 EDX=00000021
ESI=0010c7d4 EDI=00000000 EBP=00104fe8 ESP=c0104fd0
EIP=c010a361 EFL=00000282 [--S----] CPL=0 II=0 A20=1 SMM=0 HLT=0
ES =0010 00000000 ffffffff 00cf9300 DPL=0 DS   [-WA]
CS =0008 00000000 ffffffff 00cf9a00 DPL=0 CS32 [-R-]
SS =0010 00000000 ffffffff 00cf9300 DPL=0 DS   [-WA]
DS =0010 00000000 ffffffff 00cf9300 DPL=0 DS   [-WA]
FS =0010 00000000 ffffffff 00cf9300 DPL=0 DS   [-WA]
GS =0010 00000000 ffffffff 00cf9300 DPL=0 DS   [-WA]
LDT=0000 00000000 0000ffff 00008200 DPL=0 LDT
TR =0000 00000000 0000ffff 00008b00 DPL=0 TSS32-busy
GDT=     00108000 00000028
IDT=     0010c960 0000063f
CR0=80000011 CR2=00000000 CR3=00105000 CR4=00000000
DR0=00000000 DR1=00000000 DR2=00000000 DR3=00000000 
DR6=ffff0ff0 DR7=00000400
CCS=00000080 CCD=fee00020 CCO=EFLAGS  
EFER=0000000000000000
    11: v=21 e=0000 i=0 cpl=0 IP=0008:c010a361 pc=c010a361 SP=0010:c0104fd0 env->regs[R_EAX]=fec00010
EAX=fec00010 EBX=00312c30 ECX=00000000 EDX=00000021
ESI=0010c7d4 EDI=00000000 EBP=00104fe8 ESP=c0104fd0
EIP=c010a361 EFL=00000282 [--S----] CPL=0 II=0 A20=1 SMM=0 HLT=0
ES =0010 00000000 ffffffff 00cf9300 DPL=0 DS   [-WA]
CS =0008 00000000 ffffffff 00cf9a00 DPL=0 CS32 [-R-]
SS =0010 00000000 ffffffff 00cf9300 DPL=0 DS   [-WA]
DS =0010 00000000 ffffffff 00cf9300 DPL=0 DS   [-WA]
FS =0010 00000000 ffffffff 00cf9300 DPL=0 DS   [-WA]
GS =0010 00000000 ffffffff 00cf9300 DPL=0 DS   [-WA]
LDT=0000 00000000 0000ffff 00008200 DPL=0 LDT
TR =0000 00000000 0000ffff 00008b00 DPL=0 TSS32-busy
GDT=     00108000 00000028
IDT=     0010c960 0000063f
CR0=80000011 CR2=00000000 CR3=00105000 CR4=00000000
DR0=00000000 DR1=00000000 DR2=00000000 DR3=00000000 
DR6=ffff0ff0 DR7=00000400
CCS=00000080 CCD=fee00020 CCO=EFLAGS  
EFER=0000000000000000
    12: v=21 e=0000 i=0 cpl=0 IP=0008:c010a361 pc=c010a361 SP=0010:c0104fd0 env->regs[R_EAX]=fec00010
EAX=fec00010 EBX=00312c30 ECX=00000000 EDX=00000021
ESI=0010c7d4 EDI=00000000 EBP=00104fe8 ESP=c0104fd0
EIP=c010a361 EFL=00000282 [--S----] CPL=0 II=0 A20=1 SMM=0 HLT=0
ES =0010 00000000 ffffffff 00cf9300 DPL=0 DS   [-WA]
CS =0008 00000000 ffffffff 00cf9a00 DPL=0 CS32 [-R-]
SS =0010 00000000 ffffffff 00cf9300 DPL=0 DS   [-WA]
DS =0010 00000000 ffffffff 00cf9300 DPL=0 DS   [-WA]
FS =0010 00000000 ffffffff 00cf9300 DPL=0 DS   [-WA]
GS =0010 00000000 ffffffff 00cf9300 DPL=0 DS   [-WA]
LDT=0000 00000000 0000ffff 00008200 DPL=0 LDT
TR =0000 00000000 0000ffff 00008b00 DPL=0 TSS32-busy
GDT=     00108000 00000028
IDT=     0010c960 0000063f
CR0=80000011 CR2=00000000 CR3=00105000 CR4=00000000
DR0=00000000 DR1=00000000 DR2=00000000 DR3=00000000 
DR6=ffff0ff0 DR7=00000400
CCS=00000080 CCD=fee00020 CCO=EFLAGS  
EFER=0000000000000000
    13: v=21 e=0000 i=0 cpl=0 IP=0008:c010a361 pc=c010a361 SP=0010:c0104fd0 env->regs[R_EAX]=fec00010
EAX=fec00010 EBX=00312c30 ECX=00000000 EDX=00000021
ESI=0010c7d4 EDI=00000000 EBP=00104fe8 ESP=c0104fd0
EIP=c010a361 EFL=00000282 [--S----] CPL=0 II=0 A20=1 SMM=0 HLT=0
ES =0010 00000000 ffffffff 00cf9300 DPL=0 DS   [-WA]
CS =0008 00000000 ffffffff 00cf9a00 DPL=0 CS32 [-R-]
SS =0010 00000000 ffffffff 00cf9300 DPL=0 DS   [-WA]
DS =0010 00000000 ffffffff 00cf9300 DPL=0 DS   [-WA]
FS =0010 00000000 ffffffff 00cf9300 DPL=0 DS   [-WA]
GS =0010 00000000 ffffffff 00cf9300 DPL=0 DS   [-WA]
LDT=0000 00000000 0000ffff 00008200 DPL=0 LDT
TR =0000 00000000 0000ffff 00008b00 DPL=0 TSS32-busy
GDT=     00108000 00000028
IDT=     0010c960 0000063f
CR0=80000011 CR2=00000000 CR3=00105000 CR4=00000000
DR0=00000000 DR1=00000000 DR2=00000000 DR3=00000000 
DR6=ffff0ff0 DR7=00000400
CCS=00000080 CCD=fee00020 CCO=EFLAGS  
EFER=0000000000000000
    14: v=21 e=0000 i=0 cpl=0 IP=0008:c010a361 pc=c010a361 SP=0010:c0104fd0 env->regs[R_EAX]=fec00010
EAX=fec00010 EBX=00312c30 ECX=00000000 EDX=00000021
ESI=0010c7d4 EDI=00000000 EBP=00104fe8 ESP=c0104fd0
EIP=c010a361 EFL=00000282 [--S----] CPL=0 II=0 A20=1 SMM=0 HLT=0
ES =0010 00000000 ffffffff 00cf9300 DPL=0 DS   [-WA]
CS =0008 00000000 ffffffff 00cf9a00 DPL=0 CS32 [-R-]
SS =0010 00000000 ffffffff 00cf9300 DPL=0 DS   [-WA]
DS =0010 00000000 ffffffff 00cf9300 DPL=0 DS   [-WA]
FS =0010 00000000 ffffffff 00cf9300 DPL=0 DS   [-WA]
GS =0010 00000000 ffffffff 00cf9300 DPL=0 DS   [-WA]
LDT=0000 00000000 0000ffff 00008200 DPL=0 LDT
TR =0000 00000000 0000ffff 00008b00 DPL=0 TSS32-busy
GDT=     00108000 00000028
IDT=     0010c960 0000063f
CR0=80000011 CR2=00000000 CR3=00105000 CR4=00000000
DR0=00000000 DR1=00000000 DR2=00000000 DR3=00000000 
DR6=ffff0ff0 DR7=00000400
CCS=00000080 CCD=fee00020 CCO=EFLAGS  
EFER=0000000000000000
    15: v=21 e=0000 i=0 cpl=0 IP=0008:c010a361 pc=c010a361 SP=0010:c0104fd0 env->regs[R_EAX]=fec00010
EAX=fec00010 EBX=00312c30 ECX=00000000 EDX=00000021
ESI=0010c7d4 EDI=00000000 EBP=00104fe8 ESP=c0104fd0
EIP=c010a361 EFL=00000282 [--S----] CPL=0 II=0 A20=1 SMM=0 HLT=0
ES =0010 00000000 ffffffff 00cf9300 DPL=0 DS   [-WA]
CS =0008 00000000 ffffffff 00cf9a00 DPL=0 CS32 [-R-]
SS =0010 00000000 ffffffff 00cf9300 DPL=0 DS   [-WA]
DS =0010 00000000 ffffffff 00cf9300 DPL=0 DS   [-WA]
FS =0010 00000000 ffffffff 00cf9300 DPL=0 DS   [-WA]
GS =0010 00000000 ffffffff 00cf9300 DPL=0 DS   [-WA]
LDT=0000 00000000 0000ffff 00008200 DPL=0 LDT
TR =0000 00000000 0000ffff 00008b00 DPL=0 TSS32-busy
GDT=     00108000 00000028
IDT=     0010c960 0000063f
CR0=80000011 CR2=00000000 CR3=00105000 CR4=00000000
DR0=00000000 DR1=00000000 DR2=00000000 DR3=00000000 
DR6=ffff0ff0 DR7=00000400
CCS=00000080 CCD=fee00020 CCO=EFLAGS  
EFER=0000000000000000
    16: v=21 e=0000 i=0 cpl=0 IP=0008:c010a361 pc=c010a361 SP=0010:c0104fd0 env->regs[R_EAX]=fec00010
EAX=fec00010 EBX=00312c30 ECX=00000000 EDX=00000021
ESI=0010c7d4 EDI=00000000 EBP=00104fe8 ESP=c0104fd0
EIP=c010a361 EFL=00000282 [--S----] CPL=0 II=0 A20=1 SMM=0 HLT=0
ES =0010 00000000 ffffffff 00cf9300 DPL=0 DS   [-WA]
CS =0008 00000000 ffffffff 00cf9a00 DPL=0 CS32 [-R-]
SS =0010 00000000 ffffffff 00cf9300 DPL=0 DS   [-WA]
DS =0010 00000000 ffffffff 00cf9300 DPL=0 DS   [-WA]
FS =0010 00000000 ffffffff 00cf9300 DPL=0 DS   [-WA]
GS =0010 00000000 ffffffff 00cf9300 DPL=0 DS   [-WA]
LDT=0000 00000000 0000ffff 00008200 DPL=0 LDT
TR =0000 00000000 0000ffff 00008b00 DPL=0 TSS32-busy
GDT=     00108000 00000028
IDT=     0010c960 0000063f
CR0=80000011 CR2=00000000 CR3=00105000 CR4=00000000
DR0=00000000 DR1=00000000 DR2=00000000 DR3=00000000 
DR6=ffff0ff0 DR7=00000400
CCS=00000080 CCD=fee00020 CCO=EFLAGS  
EFER=0000000000000000
    17: v=21 e=0000 i=0 cpl=0 IP=0008:c010a361 pc=c010a361 SP=0010:c0104fd0 env->regs[R_EAX]=fec00010
EAX=fec00010 EBX=00312c30 ECX=00000000 EDX=00000021
ESI=0010c7d4 EDI=00000000 EBP=00104fe8 ESP=c0104fd0
EIP=c010a361 EFL=00000282 [--S----] CPL=0 II=0 A20=1 SMM=0 HLT=0
ES =0010 00000000 ffffffff 00cf9300 DPL=0 DS   [-WA]
CS =0008 00000000 ffffffff 00cf9a00 DPL=0 CS32 [-R-]
SS =0010 00000000 ffffffff 00cf9300 DPL=0 DS   [-WA]
DS =0010 00000000 ffffffff 00cf9300 DPL=0 DS   [-WA]
FS =0010 00000000 ffffffff 00cf9300 DPL=0 DS   [-WA]
GS =0010 00000000 ffffffff 00cf9300 DPL=0 DS   [-WA]
LDT=0000 00000000 0000ffff 00008200 DPL=0 LDT
TR =0000 00000000 0000ffff 00008b00 DPL=0 TSS32-busy
GDT=     00108000 00000028
IDT=     0010c960 0000063f
CR0=80000011 CR2=00000000 CR3=00105000 CR4=00000000
DR0=00000000 DR1=00000000 DR2=00000000 DR3=00000000 
DR6=ffff0ff0 DR7=00000400
CCS=00000080 CCD=fee00020 CCO=EFLAGS  
EFER=0000000000000000
    18: v=21 e=0000 i=0 cpl=0 IP=0008:c010a361 pc=c010a361 SP=0010:c0104fd0 env->regs[R_EAX]=fec00010
EAX=fec00010 EBX=00312c30 ECX=00000000 EDX=00000021
ESI=0010c7d4 EDI=00000000 EBP=00104fe8 ESP=c0104fd0
EIP=c010a361 EFL=00000282 [--S----] CPL=0 II=0 A20=1 SMM=0 HLT=0
ES =0010 00000000 ffffffff 00cf9300 DPL=0 DS   [-WA]
CS =0008 00000000 ffffffff 00cf9a00 DPL=0 CS32 [-R-]
SS =0010 00000000 ffffffff 00cf9300 DPL=0 DS   [-WA]
DS =0010 00000000 ffffffff 00cf9300 DPL=0 DS   [-WA]
FS =0010 00000000 ffffffff 00cf9300 DPL=0 DS   [-WA]
GS =0010 00000000 ffffffff 00cf9300 DPL=0 DS   [-WA]
LDT=0000 00000000 0000ffff 00008200 DPL=0 LDT
TR =0000 00000000 0000ffff 00008b00 DPL=0 TSS32-busy
GDT=     00108000 00000028
IDT=     0010c960 0000063f
CR0=80000011 CR2=00000000 CR3=00105000 CR4=00000000
DR0=00000000 DR1=00000000 DR2=00000000 DR3=00000000 
DR6=ffff0ff0 DR7=00000400
CCS=00000080 CCD=fee00020 CCO=EFLAGS  
EFER=0000000000000000
